
group_XX.elf:     file format elf32-avr

Sections:
Idx Name          Size      VMA       LMA       File off  Algn
  0 .data         00000000  00800100  000001c4  00000238  2**0
                  CONTENTS, ALLOC, LOAD, DATA
  1 .text         000001c4  00000000  00000000  00000074  2**1
                  CONTENTS, ALLOC, LOAD, READONLY, CODE
  2 .stab         00000924  00000000  00000000  00000238  2**2
                  CONTENTS, READONLY, DEBUGGING
  3 .stabstr      00000053  00000000  00000000  00000b5c  2**0
                  CONTENTS, READONLY, DEBUGGING

Disassembly of section .text:

00000000 <reset_v>:
   0:	1c c0       	rjmp	.+56     	; 0x3a <init>
	...

00000028 <timer1_cpt_v>:
  28:	0c 94 4c 00 	jmp	0x98	; 0x98 <timer1_cpt_isr>

0000002c <timer1_compa_v>:
  2c:	0c 94 3b 00 	jmp	0x76	; 0x76 <timer1_compa_isr>
  30:	00 00       	nop
	...

00000034 <timer1_ovr_v>:
  34:	0c 94 1c 00 	jmp	0x38	; 0x38 <timer1_ovr_isr>

00000038 <timer1_ovr_isr>:
  38:	18 95       	reti

0000003a <init>:
  3a:	08 e0       	ldi	r16, 0x08	; 8
  3c:	0e bf       	out	0x3e, r16	; 62
  3e:	0f ef       	ldi	r16, 0xFF	; 255
  40:	0d bf       	out	0x3d, r16	; 61
  42:	00 e0       	ldi	r16, 0x00	; 0
  44:	00 93 c1 00 	sts	0x00C1, r16	; 0x8000c1 <__TEXT_REGION_LENGTH__+0x7e00c1>
  48:	0c 94 26 00 	jmp	0x4c	; 0x4c <__ctors_end>

0000004c <__ctors_end>:
	.global main 		; declaring main global, so it can be used in other files
main:
	;; output setup

	;; make these pins output:
	ldi r16, ALL_SEGS
  4c:	0e ef       	ldi	r16, 0xFE	; 254
	out DDRD, r16           ;
  4e:	0a b9       	out	0x0a, r16	; 10
	
	;; setup for button, DDRB0 is automatically an input.
	sbi PORTB, BUTTON 	; switch on the pull-up. Released
  50:	28 9a       	sbi	0x05, 0	; 5
				; button is 1, depressed button read as 0.

	;; setup the timer ([ATmega328p], Section 15.11.1, p126)

	clr r16
  52:	00 27       	eor	r16, r16
	sts TCCR1A, r16 	; setting timer output mode: no output
  54:	00 93 80 00 	sts	0x0080, r16	; 0x800080 <__TEXT_REGION_LENGTH__+0x7e0080>
				; pin used, normal counting up. 

	ldi r16, TIMEOUT	        ; time in 16ms ticks to detect a TIMEOUT,
  58:	08 e1       	ldi	r16, 0x18	; 24
				; about 400ms.
				; long and short button presses. 
	sts OCR1AH, r16		; move into high byte of compare match
  5a:	00 93 89 00 	sts	0x0089, r16	; 0x800089 <__TEXT_REGION_LENGTH__+0x7e0089>
				; register A
	
	clr r16			; low byte of compare match is just 0.
  5e:	00 27       	eor	r16, r16
	sts OCR1AL, r16         ; note 16bit registers always have to
  60:	00 93 88 00 	sts	0x0088, r16	; 0x800088 <__TEXT_REGION_LENGTH__+0x7e0088>
				; [ATmega328p], Chapter 15.3, p 106

	;; enable input capture interrupt (to time button presses) and
	;; compare match interrupt (the time-out to switch on the
	;; yellow LED:
	ldi r16, _BV(ICIE1) | _BV(OCIE1A)
  64:	02 e2       	ldi	r16, 0x22	; 34
	sts TIMSK1, r16
  66:	00 93 6f 00 	sts	0x006F, r16	; 0x80006f <__TEXT_REGION_LENGTH__+0x7e006f>

	;; enable noise canceller, set prescaler to 1024, and start
	;; timer in CTC mode, [ATmega328p] section  15.11.2, p128
 
	ldi r16,  _BV(ICNC1) | _BV(CS12) | _BV(CS10) | _BV(WGM12)
  6a:	0d e8       	ldi	r16, 0x8D	; 141
	sts TCCR1B, r16
  6c:	00 93 81 00 	sts	0x0081, r16	; 0x800081 <__TEXT_REGION_LENGTH__+0x7e0081>

	clr r19			; reset overflow flag to defined state
  70:	33 27       	eor	r19, r19

	sei			; enable interrupts globally.
  72:	78 94       	sei

00000074 <wait>:

wait:
	rjmp wait 		; do nothing :-) just wait for the
  74:	ff cf       	rjmp	.-2      	; 0x74 <wait>

00000076 <timer1_compa_isr>:
	.global timer1_compa_isr  ; export symbol to overwrite weak
				; definition in init.S
	
timer1_compa_isr:			

	push r16	
  76:	0f 93       	push	r16
	in r16, SREG		; save the status register.
  78:	0f b7       	in	r16, 0x3f	; 63
	push r16
  7a:	0f 93       	push	r16

	;; check whether we are waiting for a button press or release:
	lds r16, TCCR1B
  7c:	00 91 81 00 	lds	r16, 0x0081	; 0x800081 <__TEXT_REGION_LENGTH__+0x7e0081>
	sbrs r16, ICES1 	; skip if waiting for postive edge (ie for button release)
  80:	06 ff       	sbrs	r16, 6
	rjmp awaiting_press
  82:	02 c0       	rjmp	.+4      	; 0x88 <awaiting_press>

00000084 <awaiting_release>:

awaiting_release:
	;;  make sure also an overly long press is always recognised
	;;  as a long press, irrespective of a timer overrun:

	ser r19 		; using r19 as a flag to indicate a
  84:	3f ef       	ldi	r19, 0xFF	; 255
				; timer overflow has occured.
    
	rjmp 1f
  86:	04 c0       	rjmp	.+8      	; 0x90 <awaiting_press+0x8>

00000088 <awaiting_press>:
awaiting_press:	
	;; if we are waiting for a button press, then more time than
	;; TIME-OUT has elasped since the last release -- in this case
	;; we switch on the yellow led and the other off.
				; off, pull-up for button stays on.
	ldi r18, 0
  88:	20 e0       	ldi	r18, 0x00	; 0
	ldi r20, 0
  8a:	40 e0       	ldi	r20, 0x00	; 0
    ldi r16, ALL_SEGS
  8c:	0e ef       	ldi	r16, 0xFE	; 254
	out PORTD, r16
  8e:	0b b9       	out	0x0b, r16	; 11
	
1:	pop r16
  90:	0f 91       	pop	r16
	out SREG, r16 		; restore status register
  92:	0f bf       	out	0x3f, r16	; 63
	pop r16
  94:	0f 91       	pop	r16
	
	reti
  96:	18 95       	reti

00000098 <timer1_cpt_isr>:
	
	.global timer1_cpt_isr

timer1_cpt_isr:

	push r8
  98:	8f 92       	push	r8

	in r8, SREG 		; save the status register.
  9a:	8f b6       	in	r8, 0x3f	; 63
	push r8
  9c:	8f 92       	push	r8

	lds r8, ICR1L		; get the timer count when the capture event happened.
  9e:	80 90 86 00 	lds	r8, 0x0086	; 0x800086 <__TEXT_REGION_LENGTH__+0x7e0086>
	lds r8, ICR1H           ; we discard the low part, only
  a2:	80 90 87 00 	lds	r8, 0x0087	; 0x800087 <__TEXT_REGION_LENGTH__+0x7e0087>
				; interested in the high part, but
				; reading low byte is necessary to get
				; a correct high byte in ICR1H, see
				; documentation [ATmega328p] Section 15.3 p106
	push r17				
  a6:	1f 93       	push	r17


	or r17, r8
  a8:	18 29       	or	r17, r8

	mov r17,r19		;  debounce. If there is no timer overflow and
  aa:	13 2f       	mov	r17, r19
	or r17,r8		;  ICR1H is still zero, then 
  ac:	18 29       	or	r17, r8
				;  less than 16ms have elapsed since
				;  last release or press
	breq debounce		;  and we do nothing
  ae:	79 f0       	breq	.+30     	; 0xce <debounce>



	clr r17
  b0:	11 27       	eor	r17, r17
	sts TCNT1H, r17 	; reset timer, first writing the high byte to the latch
  b2:	10 93 85 00 	sts	0x0085, r17	; 0x800085 <__TEXT_REGION_LENGTH__+0x7e0085>
	sts TCNT1L, r17		; then the low byte -- Section 15.11.4 of [ATmega328p] p130.
  b6:	10 93 84 00 	sts	0x0084, r17	; 0x800084 <__TEXT_REGION_LENGTH__+0x7e0084>

	;; check whether we were looking for a positive or a negative edge:
	lds r17, TCCR1B
  ba:	10 91 81 00 	lds	r17, 0x0081	; 0x800081 <__TEXT_REGION_LENGTH__+0x7e0081>
	sbrs  r17, ICES1	; skip next instruction if positive edge dedection.
  be:	16 ff       	sbrs	r17, 6
	
	rjmp pressed		; we have a negative edge ie button
  c0:	03 c0       	rjmp	.+6      	; 0xc8 <pressed>
				; has been pressed

	;; positive edge, button has been released
	rcall released
  c2:	0a d0       	rcall	.+20     	; 0xd8 <released>

	andi r17, ~(_BV(ICES1)) ; we have had positive edge, so next
  c4:	1f 7b       	andi	r17, 0xBF	; 191
				; time looking for negative edge
	rjmp end_isr
  c6:	01 c0       	rjmp	.+2      	; 0xca <end_isr>

000000c8 <pressed>:

	
pressed:
	;; call depressed ; more code to exexcute, perhaps for the coursework?
	ori r17, _BV(ICES1)	; next time detect positive edge, ie a
  c8:	10 64       	ori	r17, 0x40	; 64

000000ca <end_isr>:
				; button release.

end_isr:
	sts TCCR1B, r17 	; write r17 to TCCR1B to activate the
  ca:	10 93 81 00 	sts	0x0081, r17	; 0x800081 <__TEXT_REGION_LENGTH__+0x7e0081>

000000ce <debounce>:
				; change in edge detection.
	
debounce:
	pop r17
  ce:	1f 91       	pop	r17
	pop r8
  d0:	8f 90       	pop	r8
	out SREG, r8		; restore status register
  d2:	8f be       	out	0x3f, r8	; 63
	pop r8
  d4:	8f 90       	pop	r8

	reti
  d6:	18 95       	reti

000000d8 <released>:
;;; It expects the durations of button presses in 16ms ticks in r8


released:

	push r16
  d8:	0f 93       	push	r16

	tst r19 		; Did we have a timer overflow
  da:	33 23       	and	r19, r19
				; (ldi r16, _BV(SEG_D)
	out PORTD, r16	;ie more than TIMEOUT time since the
  dc:	0b b9       	out	0x0b, r16	; 11
				; last released of the button?
	brne long_press		; if yes, then signal is a long
  de:	19 f4       	brne	.+6      	; 0xe6 <long_press>
				; press in any case

	;; is the signal longer then DECISION_LIMIT?
	ldi r16, DECISION_LIMIT
  e0:	0c e0       	ldi	r16, 0x0C	; 12
	cp r8,r16
  e2:	80 16       	cp	r8, r16
	brcs short_press		; if it is shorter jump to label short
  e4:	28 f0       	brcs	.+10     	; 0xf0 <short_press>

000000e6 <long_press>:
	
long_press:
	inc r18
  e6:	23 95       	inc	r18
	lsl r20
  e8:	44 0f       	add	r20, r20
	inc r20
  ea:	43 95       	inc	r20
	ldi r16, CHAR_T | _BV(BUTTON)
  ec:	09 e7       	ldi	r16, 0x79	; 121
	rjmp 1f
  ee:	03 c0       	rjmp	.+6      	; 0xf6 <short_press+0x6>

000000f0 <short_press>:

short_press:
	inc r18
  f0:	23 95       	inc	r18
	lsl r20
  f2:	44 0f       	add	r20, r20
	ldi r16, CHAR_E | _BV(BUTTON)			; 0 for dot
  f4:	07 e0       	ldi	r16, 0x07	; 7

1:	out PORTD, r16		; switch on new LED.
  f6:	0b b9       	out	0x0b, r16	; 11
	
	pop r16
  f8:	0f 91       	pop	r16
	clr r19			; clear overflow flag in case it was set
  fa:	33 27       	eor	r19, r19

	cpi r18, 1
  fc:	21 30       	cpi	r18, 0x01	; 1
	breq length_1
  fe:	61 f0       	breq	.+24     	; 0x118 <length_1>

	cpi r18, 2
 100:	22 30       	cpi	r18, 0x02	; 2
	breq length_2
 102:	89 f0       	breq	.+34     	; 0x126 <length_2>

	cpi r18, 3
 104:	23 30       	cpi	r18, 0x03	; 3
	breq length_3
 106:	f1 f0       	breq	.+60     	; 0x144 <length_3>

	cpi r18, 4
 108:	24 30       	cpi	r18, 0x04	; 4
	breq length_4
 10a:	a9 f1       	breq	.+106    	; 0x176 <length_4>

	cpi r18, 5
 10c:	25 30       	cpi	r18, 0x05	; 5
	brge error
 10e:	0c f4       	brge	.+2      	; 0x112 <error>
	ret
 110:	08 95       	ret

00000112 <error>:

error:
	ldi r16, ERROR
 112:	0f eb       	ldi	r16, 0xBF	; 191
	out PORTD, r16
 114:	0b b9       	out	0x0b, r16	; 11
	ret
 116:	08 95       	ret

00000118 <length_1>:

length_1:
	ldi r16, CHAR_E
 118:	07 e0       	ldi	r16, 0x07	; 7
	cpi r20, 0
 11a:	40 30       	cpi	r20, 0x00	; 0
	breq display_letter2
 11c:	89 f0       	breq	.+34     	; 0x140 <display_letter2>

	ldi r16, CHAR_T
 11e:	09 e7       	ldi	r16, 0x79	; 121
	cpi r20, 1
 120:	41 30       	cpi	r20, 0x01	; 1
	breq display_letter2
 122:	71 f0       	breq	.+28     	; 0x140 <display_letter2>

	ret
 124:	08 95       	ret

00000126 <length_2>:

length_2:
	ldi r16, CHAR_I
 126:	09 ef       	ldi	r16, 0xF9	; 249
	cpi r20, 0
 128:	40 30       	cpi	r20, 0x00	; 0
	breq display_letter2
 12a:	51 f0       	breq	.+20     	; 0x140 <display_letter2>

	ldi r16, CHAR_A
 12c:	09 e0       	ldi	r16, 0x09	; 9
	cpi r20, 1
 12e:	41 30       	cpi	r20, 0x01	; 1
	breq display_letter2
 130:	39 f0       	breq	.+14     	; 0x140 <display_letter2>
	
	ldi r16, CHAR_N
 132:	09 e4       	ldi	r16, 0x49	; 73
	cpi r20, 2
 134:	42 30       	cpi	r20, 0x02	; 2
	breq display_letter2
 136:	21 f0       	breq	.+8      	; 0x140 <display_letter2>

	ldi r16, CHAR_M
 138:	0b e6       	ldi	r16, 0x6B	; 107
	cpi r20, 3
 13a:	43 30       	cpi	r20, 0x03	; 3
	breq display_letter2
 13c:	09 f0       	breq	.+2      	; 0x140 <display_letter2>

	ret
 13e:	08 95       	ret

00000140 <display_letter2>:

display_letter2:
	out PORTD, r16
 140:	0b b9       	out	0x0b, r16	; 11
	ret
 142:	08 95       	ret

00000144 <length_3>:

length_3:
	ldi r16, CHAR_S
 144:	03 e1       	ldi	r16, 0x13	; 19
	cpi r20, 0
 146:	40 30       	cpi	r20, 0x00	; 0
	breq display_letter
 148:	d9 f1       	breq	.+118    	; 0x1c0 <display_letter>

	ldi r16, CHAR_U
 14a:	01 ec       	ldi	r16, 0xC1	; 193
	cpi r20, 1
 14c:	41 30       	cpi	r20, 0x01	; 1
	breq display_letter
 14e:	c1 f1       	breq	.+112    	; 0x1c0 <display_letter>

	ldi r16, CHAR_R
 150:	0d e4       	ldi	r16, 0x4D	; 77
	cpi r20, 2
 152:	42 30       	cpi	r20, 0x02	; 2
	breq display_letter
 154:	a9 f1       	breq	.+106    	; 0x1c0 <display_letter>

	ldi r16, CHAR_W
 156:	01 e8       	ldi	r16, 0x81	; 129
	cpi r20, 3
 158:	43 30       	cpi	r20, 0x03	; 3
	breq display_letter
 15a:	91 f1       	breq	.+100    	; 0x1c0 <display_letter>

	ldi r16, CHAR_D
 15c:	01 e2       	ldi	r16, 0x21	; 33
	cpi r20, 4
 15e:	44 30       	cpi	r20, 0x04	; 4
	breq display_letter
 160:	79 f1       	breq	.+94     	; 0x1c0 <display_letter>

	ldi r16, CHAR_K
 162:	05 e8       	ldi	r16, 0x85	; 133
	cpi r20, 5
 164:	45 30       	cpi	r20, 0x05	; 5
	breq display_letter
 166:	61 f1       	breq	.+88     	; 0x1c0 <display_letter>

	ldi r16, CHAR_G
 168:	03 e4       	ldi	r16, 0x43	; 67
	cpi r20, 6
 16a:	46 30       	cpi	r20, 0x06	; 6
	breq display_letter
 16c:	49 f1       	breq	.+82     	; 0x1c0 <display_letter>

	ldi r16, CHAR_O
 16e:	01 e4       	ldi	r16, 0x41	; 65
	cpi r20, 7
 170:	47 30       	cpi	r20, 0x07	; 7
	breq display_letter
 172:	31 f1       	breq	.+76     	; 0x1c0 <display_letter>

	ret
 174:	08 95       	ret

00000176 <length_4>:

length_4:
	ldi r16, CHAR_H
 176:	09 e8       	ldi	r16, 0x89	; 137
	cpi r20, 0
 178:	40 30       	cpi	r20, 0x00	; 0
	breq display_letter
 17a:	11 f1       	breq	.+68     	; 0x1c0 <display_letter>

	ldi r16, CHAR_V
 17c:	0d e8       	ldi	r16, 0x8D	; 141
	cpi r20, 1
 17e:	41 30       	cpi	r20, 0x01	; 1
	breq display_letter
 180:	f9 f0       	breq	.+62     	; 0x1c0 <display_letter>

	ldi r16, CHAR_F
 182:	0f e0       	ldi	r16, 0x0F	; 15
	cpi r20, 2
 184:	42 30       	cpi	r20, 0x02	; 2
	breq display_letter
 186:	e1 f0       	breq	.+56     	; 0x1c0 <display_letter>

	ldi r16, CHAR_L
 188:	07 ec       	ldi	r16, 0xC7	; 199
	cpi r20, 4
 18a:	44 30       	cpi	r20, 0x04	; 4
	breq display_letter
 18c:	c9 f0       	breq	.+50     	; 0x1c0 <display_letter>

	ldi r16, CHAR_P
 18e:	0d e0       	ldi	r16, 0x0D	; 13
	cpi r20, 6
 190:	46 30       	cpi	r20, 0x06	; 6
	breq display_letter
 192:	b1 f0       	breq	.+44     	; 0x1c0 <display_letter>

	ldi r16, CHAR_J
 194:	01 ee       	ldi	r16, 0xE1	; 225
	cpi r20, 7
 196:	47 30       	cpi	r20, 0x07	; 7
	breq display_letter
 198:	99 f0       	breq	.+38     	; 0x1c0 <display_letter>

	ldi r16, CHAR_B
 19a:	01 e0       	ldi	r16, 0x01	; 1
	cpi r20, 8
 19c:	48 30       	cpi	r20, 0x08	; 8
	breq display_letter
 19e:	81 f0       	breq	.+32     	; 0x1c0 <display_letter>

	ldi r16, CHAR_X
 1a0:	0b e9       	ldi	r16, 0x9B	; 155
	cpi r20, 9
 1a2:	49 30       	cpi	r20, 0x09	; 9
	breq display_letter
 1a4:	69 f0       	breq	.+26     	; 0x1c0 <display_letter>

	ldi r16, CHAR_C
 1a6:	07 e0       	ldi	r16, 0x07	; 7
	cpi r20, 10
 1a8:	4a 30       	cpi	r20, 0x0A	; 10
	breq display_letter
 1aa:	51 f0       	breq	.+20     	; 0x1c0 <display_letter>

	ldi r16, CHAR_Y
 1ac:	01 e9       	ldi	r16, 0x91	; 145
	cpi r20, 11
 1ae:	4b 30       	cpi	r20, 0x0B	; 11
	breq display_letter
 1b0:	39 f0       	breq	.+14     	; 0x1c0 <display_letter>

	ldi r16, CHAR_Z
 1b2:	05 e2       	ldi	r16, 0x25	; 37
	cpi r20, 12
 1b4:	4c 30       	cpi	r20, 0x0C	; 12
	breq display_letter
 1b6:	21 f0       	breq	.+8      	; 0x1c0 <display_letter>

	ldi r16, CHAR_Q
 1b8:	05 e1       	ldi	r16, 0x15	; 21
	cpi r20, 13
 1ba:	4d 30       	cpi	r20, 0x0D	; 13
	breq display_letter
 1bc:	09 f0       	breq	.+2      	; 0x1c0 <display_letter>

	ret
 1be:	08 95       	ret

000001c0 <display_letter>:


display_letter:
	out PORTD, r16
 1c0:	0b b9       	out	0x0b, r16	; 11
	ret
 1c2:	08 95       	ret
